Determining if the pthread_create exist failed with the following output:
Change Dir: /localcodebase/ambf_repos/ambf_control_system/build-debug/CMakeFiles/CMakeTmp

Run Build Command:"/usr/bin/make" "cmTC_11c7e/fast"
/usr/bin/make -f CMakeFiles/cmTC_11c7e.dir/build.make CMakeFiles/cmTC_11c7e.dir/build
make[1]: Entering directory '/localcodebase/ambf_repos/ambf_control_system/build-debug/CMakeFiles/CMakeTmp'
Building C object CMakeFiles/cmTC_11c7e.dir/CheckSymbolExists.c.o
/usr/bin/cc    -o CMakeFiles/cmTC_11c7e.dir/CheckSymbolExists.c.o   -c /localcodebase/ambf_repos/ambf_control_system/build-debug/CMakeFiles/CMakeTmp/CheckSymbolExists.c
Linking C executable cmTC_11c7e
/usr/bin/cmake -E cmake_link_script CMakeFiles/cmTC_11c7e.dir/link.txt --verbose=1
/usr/bin/cc      -rdynamic CMakeFiles/cmTC_11c7e.dir/CheckSymbolExists.c.o  -o cmTC_11c7e 
CMakeFiles/cmTC_11c7e.dir/CheckSymbolExists.c.o: In function `main':
CheckSymbolExists.c:(.text+0x1b): undefined reference to `pthread_create'
collect2: error: ld returned 1 exit status
CMakeFiles/cmTC_11c7e.dir/build.make:97: recipe for target 'cmTC_11c7e' failed
make[1]: *** [cmTC_11c7e] Error 1
make[1]: Leaving directory '/localcodebase/ambf_repos/ambf_control_system/build-debug/CMakeFiles/CMakeTmp'
Makefile:126: recipe for target 'cmTC_11c7e/fast' failed
make: *** [cmTC_11c7e/fast] Error 2

File /localcodebase/ambf_repos/ambf_control_system/build-debug/CMakeFiles/CMakeTmp/CheckSymbolExists.c:
/* */
#include <pthread.h>

int main(int argc, char** argv)
{
  (void)argv;
#ifndef pthread_create
  return ((int*)(&pthread_create))[argc];
#else
  (void)argc;
  return 0;
#endif
}

Determining if the function pthread_create exists in the pthreads failed with the following output:
Change Dir: /localcodebase/ambf_repos/ambf_control_system/build-debug/CMakeFiles/CMakeTmp

Run Build Command:"/usr/bin/make" "cmTC_70c1a/fast"
/usr/bin/make -f CMakeFiles/cmTC_70c1a.dir/build.make CMakeFiles/cmTC_70c1a.dir/build
make[1]: Entering directory '/localcodebase/ambf_repos/ambf_control_system/build-debug/CMakeFiles/CMakeTmp'
Building C object CMakeFiles/cmTC_70c1a.dir/CheckFunctionExists.c.o
/usr/bin/cc   -DCHECK_FUNCTION_EXISTS=pthread_create   -o CMakeFiles/cmTC_70c1a.dir/CheckFunctionExists.c.o   -c /usr/share/cmake-3.10/Modules/CheckFunctionExists.c
Linking C executable cmTC_70c1a
/usr/bin/cmake -E cmake_link_script CMakeFiles/cmTC_70c1a.dir/link.txt --verbose=1
/usr/bin/cc  -DCHECK_FUNCTION_EXISTS=pthread_create    -rdynamic CMakeFiles/cmTC_70c1a.dir/CheckFunctionExists.c.o  -o cmTC_70c1a -lpthreads 
/usr/bin/ld: cannot find -lpthreads
collect2: error: ld returned 1 exit status
CMakeFiles/cmTC_70c1a.dir/build.make:97: recipe for target 'cmTC_70c1a' failed
make[1]: *** [cmTC_70c1a] Error 1
make[1]: Leaving directory '/localcodebase/ambf_repos/ambf_control_system/build-debug/CMakeFiles/CMakeTmp'
Makefile:126: recipe for target 'cmTC_70c1a/fast' failed
make: *** [cmTC_70c1a/fast] Error 2


