[0/1] Re-running CMake...
CMake Warning (dev) in CMakeLists.txt:
  No project() command is present.  The top-level CMakeLists.txt file must
  contain a literal, direct call to the project() command.  Add a line of
  code such as

    project(ProjectName)

  near the top of the file, but after cmake_minimum_required().

  CMake is pretending there is a "project(Project)" command on the first
  line.
This warning is for project developers.  Use -Wno-dev to suppress it.

-- Using CATKIN_DEVEL_PREFIX: /home/nathaniel/catkin_ws/src/ambf_control_system/matlab_msg_gen_ros1/glnxa64/devel
-- Using CMAKE_PREFIX_PATH: /usr/local/MATLAB/R2021a/sys/ros1/glnxa64/ros1;/usr/local/MATLAB/R2021a/toolbox/ros/mlroscpp/custom_messages
-- This workspace overlays: /usr/local/MATLAB/R2021a/sys/ros1/glnxa64/ros1;/usr/local/MATLAB/R2021a/toolbox/ros/mlroscpp/custom_messages
-- Using PYTHON_EXECUTABLE: /home/nathaniel/.matlab/R2021a/ros1/glnxa64/venv/bin/python2
-- Using Debian Python package layout
-- Using empy: /usr/bin/empy
-- Using CATKIN_ENABLE_TESTING: off
-- catkin 0.7.17
-- BUILD_SHARED_LIBS is on
-- BUILD_SHARED_LIBS is on
-- ~~~~~~~~~~~~~~~~~~~~~~~~~~~~~~~~~~~~~~~~~~~~~~~~~
-- ~~  traversing 2 packages in topological order:
-- ~~  - controller_modules
-- ~~  - rbdl_server
-- ~~~~~~~~~~~~~~~~~~~~~~~~~~~~~~~~~~~~~~~~~~~~~~~~~
-- +++ processing catkin package: 'controller_modules'
-- ==> add_subdirectory(controller_modules)
-- Disabling the following message generators: geneus;genlisp;gennodejs
-- Using these message generators: gencpp;genpy
-- controller_modules: 0 messages, 2 services
-- +++ processing catkin package: 'rbdl_server'
-- ==> add_subdirectory(rbdl_server)
-- Disabling the following message generators: geneus;genlisp;gennodejs
-- Using these message generators: gencpp;genpy
-- rbdl_server: 0 messages, 8 services
-- Configuring done
-- Generating done
-- Build files have been written to: /home/nathaniel/catkin_ws/src/ambf_control_system/matlab_msg_gen_ros1/glnxa64/build
ninja: no work to do.
[1/11] cd /home/nathaniel/catkin_ws/src/ambf_control_system/matlab_msg_gen_ros1/glnxa64/build/rbdl_server && /home/nathaniel/catkin_ws/src/ambf_control_system/matlab_msg_gen_ros1/glnxa64/build/catkin_generated/env_cached.sh /home/nathaniel/.matlab/R2021a/ros1/glnxa64/venv/bin/python2 /usr/local/MATLAB/R2021a/sys/ros1/glnxa64/ros1/share/genmsg/cmake/../../../lib/genmsg/genmsg_check_deps.py rbdl_server /home/nathaniel/catkin_ws/src/ambf_control_system/matlab_msg_gen_ros1/glnxa64/src/rbdl_server/srv/RBDLModel.srv
[2/11] cd /home/nathaniel/catkin_ws/src/ambf_control_system/matlab_msg_gen_ros1/glnxa64/build/controller_modules && /home/nathaniel/catkin_ws/src/ambf_control_system/matlab_msg_gen_ros1/glnxa64/build/catkin_generated/env_cached.sh /home/nathaniel/.matlab/R2021a/ros1/glnxa64/venv/bin/python2 /usr/local/MATLAB/R2021a/sys/ros1/glnxa64/ros1/share/genmsg/cmake/../../../lib/genmsg/genmsg_check_deps.py controller_modules /home/nathaniel/catkin_ws/src/ambf_control_system/matlab_msg_gen_ros1/glnxa64/src/controller_modules/srv/ControllerList.srv
[3/11] cd /home/nathaniel/catkin_ws/src/ambf_control_system/matlab_msg_gen_ros1/glnxa64/build/controller_modules && /home/nathaniel/catkin_ws/src/ambf_control_system/matlab_msg_gen_ros1/glnxa64/build/catkin_generated/env_cached.sh /home/nathaniel/.matlab/R2021a/ros1/glnxa64/venv/bin/python2 /usr/local/MATLAB/R2021a/sys/ros1/glnxa64/ros1/share/genmsg/cmake/../../../lib/genmsg/genmsg_check_deps.py controller_modules /home/nathaniel/catkin_ws/src/ambf_control_system/matlab_msg_gen_ros1/glnxa64/src/controller_modules/srv/JointControl.srv trajectory_msgs/JointTrajectoryPoint:std_msgs/Header
[4/11] cd /home/nathaniel/catkin_ws/src/ambf_control_system/matlab_msg_gen_ros1/glnxa64/build/rbdl_server && /home/nathaniel/catkin_ws/src/ambf_control_system/matlab_msg_gen_ros1/glnxa64/build/catkin_generated/env_cached.sh /home/nathaniel/.matlab/R2021a/ros1/glnxa64/venv/bin/python2 /usr/local/MATLAB/R2021a/sys/ros1/glnxa64/ros1/share/genmsg/cmake/../../../lib/genmsg/genmsg_check_deps.py rbdl_server /home/nathaniel/catkin_ws/src/ambf_control_system/matlab_msg_gen_ros1/glnxa64/src/rbdl_server/srv/RBDLInverseKinimatics.srv geometry_msgs/Point
[5/11] cd /home/nathaniel/catkin_ws/src/ambf_control_system/matlab_msg_gen_ros1/glnxa64/build/rbdl_server && /home/nathaniel/catkin_ws/src/ambf_control_system/matlab_msg_gen_ros1/glnxa64/build/catkin_generated/env_cached.sh /home/nathaniel/.matlab/R2021a/ros1/glnxa64/venv/bin/python2 /usr/local/MATLAB/R2021a/sys/ros1/glnxa64/ros1/share/genmsg/cmake/../../../lib/genmsg/genmsg_check_deps.py rbdl_server /home/nathaniel/catkin_ws/src/ambf_control_system/matlab_msg_gen_ros1/glnxa64/src/rbdl_server/srv/RBDLJacobian.srv std_msgs/Float64MultiArray:std_msgs/MultiArrayDimension:std_msgs/MultiArrayLayout:geometry_msgs/Point
[6/11] cd /home/nathaniel/catkin_ws/src/ambf_control_system/matlab_msg_gen_ros1/glnxa64/build/rbdl_server && /home/nathaniel/catkin_ws/src/ambf_control_system/matlab_msg_gen_ros1/glnxa64/build/catkin_generated/env_cached.sh /home/nathaniel/.matlab/R2021a/ros1/glnxa64/venv/bin/python2 /usr/local/MATLAB/R2021a/sys/ros1/glnxa64/ros1/share/genmsg/cmake/../../../lib/genmsg/genmsg_check_deps.py rbdl_server /home/nathaniel/catkin_ws/src/ambf_control_system/matlab_msg_gen_ros1/glnxa64/src/rbdl_server/srv/RBDLBodyNames.srv
[7/11] cd /home/nathaniel/catkin_ws/src/ambf_control_system/matlab_msg_gen_ros1/glnxa64/build/rbdl_server && /home/nathaniel/catkin_ws/src/ambf_control_system/matlab_msg_gen_ros1/glnxa64/build/catkin_generated/env_cached.sh /home/nathaniel/.matlab/R2021a/ros1/glnxa64/venv/bin/python2 /usr/local/MATLAB/R2021a/sys/ros1/glnxa64/ros1/share/genmsg/cmake/../../../lib/genmsg/genmsg_check_deps.py rbdl_server /home/nathaniel/catkin_ws/src/ambf_control_system/matlab_msg_gen_ros1/glnxa64/src/rbdl_server/srv/RBDLForwardDynamics.srv
[8/11] cd /home/nathaniel/catkin_ws/src/ambf_control_system/matlab_msg_gen_ros1/glnxa64/build/rbdl_server && /home/nathaniel/catkin_ws/src/ambf_control_system/matlab_msg_gen_ros1/glnxa64/build/catkin_generated/env_cached.sh /home/nathaniel/.matlab/R2021a/ros1/glnxa64/venv/bin/python2 /usr/local/MATLAB/R2021a/sys/ros1/glnxa64/ros1/share/genmsg/cmake/../../../lib/genmsg/genmsg_check_deps.py rbdl_server /home/nathaniel/catkin_ws/src/ambf_control_system/matlab_msg_gen_ros1/glnxa64/src/rbdl_server/srv/RBDLKinimatics.srv geometry_msgs/Point
[9/11] cd /home/nathaniel/catkin_ws/src/ambf_control_system/matlab_msg_gen_ros1/glnxa64/build/rbdl_server && /home/nathaniel/catkin_ws/src/ambf_control_system/matlab_msg_gen_ros1/glnxa64/build/catkin_generated/env_cached.sh /home/nathaniel/.matlab/R2021a/ros1/glnxa64/venv/bin/python2 /usr/local/MATLAB/R2021a/sys/ros1/glnxa64/ros1/share/genmsg/cmake/../../../lib/genmsg/genmsg_check_deps.py rbdl_server /home/nathaniel/catkin_ws/src/ambf_control_system/matlab_msg_gen_ros1/glnxa64/src/rbdl_server/srv/RBDLModelAlignment.srv
[10/11] cd /home/nathaniel/catkin_ws/src/ambf_control_system/matlab_msg_gen_ros1/glnxa64/build/rbdl_server && /home/nathaniel/catkin_ws/src/ambf_control_system/matlab_msg_gen_ros1/glnxa64/build/catkin_generated/env_cached.sh /home/nathaniel/.matlab/R2021a/ros1/glnxa64/venv/bin/python2 /usr/local/MATLAB/R2021a/sys/ros1/glnxa64/ros1/share/genmsg/cmake/../../../lib/genmsg/genmsg_check_deps.py rbdl_server /home/nathaniel/catkin_ws/src/ambf_control_system/matlab_msg_gen_ros1/glnxa64/src/rbdl_server/srv/RBDLInverseDynamics.srv
[10/11] Install the project...
-- Install configuration: "Release"
-- Installing: /home/nathaniel/catkin_ws/src/ambf_control_system/matlab_msg_gen_ros1/glnxa64/install/_setup_util.py
-- Up-to-date: /home/nathaniel/catkin_ws/src/ambf_control_system/matlab_msg_gen_ros1/glnxa64/install/env.sh
-- Up-to-date: /home/nathaniel/catkin_ws/src/ambf_control_system/matlab_msg_gen_ros1/glnxa64/install/setup.bash
-- Up-to-date: /home/nathaniel/catkin_ws/src/ambf_control_system/matlab_msg_gen_ros1/glnxa64/install/local_setup.bash
-- Up-to-date: /home/nathaniel/catkin_ws/src/ambf_control_system/matlab_msg_gen_ros1/glnxa64/install/setup.sh
-- Up-to-date: /home/nathaniel/catkin_ws/src/ambf_control_system/matlab_msg_gen_ros1/glnxa64/install/local_setup.sh
-- Up-to-date: /home/nathaniel/catkin_ws/src/ambf_control_system/matlab_msg_gen_ros1/glnxa64/install/setup.zsh
-- Up-to-date: /home/nathaniel/catkin_ws/src/ambf_control_system/matlab_msg_gen_ros1/glnxa64/install/local_setup.zsh
-- Up-to-date: /home/nathaniel/catkin_ws/src/ambf_control_system/matlab_msg_gen_ros1/glnxa64/install/.rosinstall
-- Up-to-date: /home/nathaniel/catkin_ws/src/ambf_control_system/matlab_msg_gen_ros1/glnxa64/install/share/controller_modules/srv/ControllerList.srv
-- Up-to-date: /home/nathaniel/catkin_ws/src/ambf_control_system/matlab_msg_gen_ros1/glnxa64/install/share/controller_modules/srv/JointControl.srv
-- Up-to-date: /home/nathaniel/catkin_ws/src/ambf_control_system/matlab_msg_gen_ros1/glnxa64/install/share/controller_modules/cmake/controller_modules-msg-paths.cmake
-- Up-to-date: /home/nathaniel/catkin_ws/src/ambf_control_system/matlab_msg_gen_ros1/glnxa64/install/include/controller_modules
-- Up-to-date: /home/nathaniel/catkin_ws/src/ambf_control_system/matlab_msg_gen_ros1/glnxa64/install/include/controller_modules/JointControlResponse.h
-- Up-to-date: /home/nathaniel/catkin_ws/src/ambf_control_system/matlab_msg_gen_ros1/glnxa64/install/include/controller_modules/ControllerListResponse.h
-- Up-to-date: /home/nathaniel/catkin_ws/src/ambf_control_system/matlab_msg_gen_ros1/glnxa64/install/include/controller_modules/JointControlRequest.h
-- Up-to-date: /home/nathaniel/catkin_ws/src/ambf_control_system/matlab_msg_gen_ros1/glnxa64/install/include/controller_modules/ControllerList.h
-- Up-to-date: /home/nathaniel/catkin_ws/src/ambf_control_system/matlab_msg_gen_ros1/glnxa64/install/include/controller_modules/ControllerListRequest.h
-- Up-to-date: /home/nathaniel/catkin_ws/src/ambf_control_system/matlab_msg_gen_ros1/glnxa64/install/include/controller_modules/JointControl.h
Listing /home/nathaniel/catkin_ws/src/ambf_control_system/matlab_msg_gen_ros1/glnxa64/devel/lib/python2.7/dist-packages/controller_modules ...
Listing /home/nathaniel/catkin_ws/src/ambf_control_system/matlab_msg_gen_ros1/glnxa64/devel/lib/python2.7/dist-packages/controller_modules/srv ...
-- Up-to-date: /home/nathaniel/catkin_ws/src/ambf_control_system/matlab_msg_gen_ros1/glnxa64/install/lib/python2.7/dist-packages/controller_modules
-- Up-to-date: /home/nathaniel/catkin_ws/src/ambf_control_system/matlab_msg_gen_ros1/glnxa64/install/lib/python2.7/dist-packages/controller_modules/srv
-- Up-to-date: /home/nathaniel/catkin_ws/src/ambf_control_system/matlab_msg_gen_ros1/glnxa64/install/lib/python2.7/dist-packages/controller_modules/srv/_ControllerList.pyc
-- Up-to-date: /home/nathaniel/catkin_ws/src/ambf_control_system/matlab_msg_gen_ros1/glnxa64/install/lib/python2.7/dist-packages/controller_modules/srv/_ControllerList.py
-- Up-to-date: /home/nathaniel/catkin_ws/src/ambf_control_system/matlab_msg_gen_ros1/glnxa64/install/lib/python2.7/dist-packages/controller_modules/srv/_JointControl.pyc
-- Up-to-date: /home/nathaniel/catkin_ws/src/ambf_control_system/matlab_msg_gen_ros1/glnxa64/install/lib/python2.7/dist-packages/controller_modules/srv/_JointControl.py
-- Up-to-date: /home/nathaniel/catkin_ws/src/ambf_control_system/matlab_msg_gen_ros1/glnxa64/install/lib/python2.7/dist-packages/controller_modules/srv/__init__.pyc
-- Up-to-date: /home/nathaniel/catkin_ws/src/ambf_control_system/matlab_msg_gen_ros1/glnxa64/install/lib/python2.7/dist-packages/controller_modules/srv/__init__.py
-- Up-to-date: /home/nathaniel/catkin_ws/src/ambf_control_system/matlab_msg_gen_ros1/glnxa64/install/lib/python2.7/dist-packages/controller_modules/__init__.pyc
-- Up-to-date: /home/nathaniel/catkin_ws/src/ambf_control_system/matlab_msg_gen_ros1/glnxa64/install/lib/python2.7/dist-packages/controller_modules/__init__.py
-- Installing: /home/nathaniel/catkin_ws/src/ambf_control_system/matlab_msg_gen_ros1/glnxa64/install/lib/pkgconfig/controller_modules.pc
-- Up-to-date: /home/nathaniel/catkin_ws/src/ambf_control_system/matlab_msg_gen_ros1/glnxa64/install/share/controller_modules/cmake/controller_modules-msg-extras.cmake
-- Up-to-date: /home/nathaniel/catkin_ws/src/ambf_control_system/matlab_msg_gen_ros1/glnxa64/install/share/controller_modules/cmake/controller_modulesConfig.cmake
-- Up-to-date: /home/nathaniel/catkin_ws/src/ambf_control_system/matlab_msg_gen_ros1/glnxa64/install/share/controller_modules/cmake/controller_modulesConfig-version.cmake
-- Installing: /home/nathaniel/catkin_ws/src/ambf_control_system/matlab_msg_gen_ros1/glnxa64/install/share/controller_modules/package.xml
-- Up-to-date: /home/nathaniel/catkin_ws/src/ambf_control_system/matlab_msg_gen_ros1/glnxa64/install/include
-- Up-to-date: /home/nathaniel/catkin_ws/src/ambf_control_system/matlab_msg_gen_ros1/glnxa64/install/include/controller_modules
-- Up-to-date: /home/nathaniel/catkin_ws/src/ambf_control_system/matlab_msg_gen_ros1/glnxa64/install/include/controller_modules/visibility_control.h
-- Up-to-date: /home/nathaniel/catkin_ws/src/ambf_control_system/matlab_msg_gen_ros1/glnxa64/install/lib/libcontroller_modules_matlab.so
-- Up-to-date: /home/nathaniel/catkin_ws/src/ambf_control_system/matlab_msg_gen_ros1/glnxa64/install/m/
-- Up-to-date: /home/nathaniel/catkin_ws/src/ambf_control_system/matlab_msg_gen_ros1/glnxa64/install/m//+ros
-- Up-to-date: /home/nathaniel/catkin_ws/src/ambf_control_system/matlab_msg_gen_ros1/glnxa64/install/m//+ros/+msggen
-- Up-to-date: /home/nathaniel/catkin_ws/src/ambf_control_system/matlab_msg_gen_ros1/glnxa64/install/m//+ros/+msggen/+controller_modules
-- Up-to-date: /home/nathaniel/catkin_ws/src/ambf_control_system/matlab_msg_gen_ros1/glnxa64/install/m//+ros/+msggen/+controller_modules/ControllerListRequest.m
-- Up-to-date: /home/nathaniel/catkin_ws/src/ambf_control_system/matlab_msg_gen_ros1/glnxa64/install/m//+ros/+msggen/+controller_modules/ControllerListResponse.m
-- Up-to-date: /home/nathaniel/catkin_ws/src/ambf_control_system/matlab_msg_gen_ros1/glnxa64/install/m//+ros/+msggen/+controller_modules/JointControlRequest.m
-- Up-to-date: /home/nathaniel/catkin_ws/src/ambf_control_system/matlab_msg_gen_ros1/glnxa64/install/m//+ros/+msggen/+controller_modules/JointControlResponse.m
-- Up-to-date: /home/nathaniel/catkin_ws/src/ambf_control_system/matlab_msg_gen_ros1/glnxa64/install/m//+ros/+internal
-- Up-to-date: /home/nathaniel/catkin_ws/src/ambf_control_system/matlab_msg_gen_ros1/glnxa64/install/m//+ros/+internal/+ros
-- Up-to-date: /home/nathaniel/catkin_ws/src/ambf_control_system/matlab_msg_gen_ros1/glnxa64/install/m//+ros/+internal/+ros/+custommessages
-- Up-to-date: /home/nathaniel/catkin_ws/src/ambf_control_system/matlab_msg_gen_ros1/glnxa64/install/m//+ros/+internal/+ros/+custommessages/+controller_modules
-- Up-to-date: /home/nathaniel/catkin_ws/src/ambf_control_system/matlab_msg_gen_ros1/glnxa64/install/m//+ros/+internal/+ros/+custommessages/+controller_modules/controllerListResponse.m
-- Up-to-date: /home/nathaniel/catkin_ws/src/ambf_control_system/matlab_msg_gen_ros1/glnxa64/install/m//+ros/+internal/+ros/+custommessages/+controller_modules/jointControlRequest.m
-- Up-to-date: /home/nathaniel/catkin_ws/src/ambf_control_system/matlab_msg_gen_ros1/glnxa64/install/m//+ros/+internal/+ros/+custommessages/+controller_modules/controllerListRequest.m
-- Up-to-date: /home/nathaniel/catkin_ws/src/ambf_control_system/matlab_msg_gen_ros1/glnxa64/install/m//+ros/+internal/+ros/+custommessages/+controller_modules/jointControlResponse.m
-- Up-to-date: /home/nathaniel/catkin_ws/src/ambf_control_system/matlab_msg_gen_ros1/glnxa64/install/share/rbdl_server/srv/RBDLBodyNames.srv
-- Up-to-date: /home/nathaniel/catkin_ws/src/ambf_control_system/matlab_msg_gen_ros1/glnxa64/install/share/rbdl_server/srv/RBDLForwardDynamics.srv
-- Up-to-date: /home/nathaniel/catkin_ws/src/ambf_control_system/matlab_msg_gen_ros1/glnxa64/install/share/rbdl_server/srv/RBDLInverseDynamics.srv
-- Up-to-date: /home/nathaniel/catkin_ws/src/ambf_control_system/matlab_msg_gen_ros1/glnxa64/install/share/rbdl_server/srv/RBDLInverseKinimatics.srv
-- Up-to-date: /home/nathaniel/catkin_ws/src/ambf_control_system/matlab_msg_gen_ros1/glnxa64/install/share/rbdl_server/srv/RBDLJacobian.srv
-- Up-to-date: /home/nathaniel/catkin_ws/src/ambf_control_system/matlab_msg_gen_ros1/glnxa64/install/share/rbdl_server/srv/RBDLKinimatics.srv
-- Up-to-date: /home/nathaniel/catkin_ws/src/ambf_control_system/matlab_msg_gen_ros1/glnxa64/install/share/rbdl_server/srv/RBDLModel.srv
-- Up-to-date: /home/nathaniel/catkin_ws/src/ambf_control_system/matlab_msg_gen_ros1/glnxa64/install/share/rbdl_server/srv/RBDLModelAlignment.srv
-- Up-to-date: /home/nathaniel/catkin_ws/src/ambf_control_system/matlab_msg_gen_ros1/glnxa64/install/share/rbdl_server/cmake/rbdl_server-msg-paths.cmake
-- Up-to-date: /home/nathaniel/catkin_ws/src/ambf_control_system/matlab_msg_gen_ros1/glnxa64/install/include/rbdl_server
-- Up-to-date: /home/nathaniel/catkin_ws/src/ambf_control_system/matlab_msg_gen_ros1/glnxa64/install/include/rbdl_server/RBDLInverseKinimaticsResponse.h
-- Up-to-date: /home/nathaniel/catkin_ws/src/ambf_control_system/matlab_msg_gen_ros1/glnxa64/install/include/rbdl_server/RBDLForwardDynamics.h
-- Up-to-date: /home/nathaniel/catkin_ws/src/ambf_control_system/matlab_msg_gen_ros1/glnxa64/install/include/rbdl_server/RBDLBodyNamesRequest.h
-- Up-to-date: /home/nathaniel/catkin_ws/src/ambf_control_system/matlab_msg_gen_ros1/glnxa64/install/include/rbdl_server/RBDLKinimaticsResponse.h
-- Up-to-date: /home/nathaniel/catkin_ws/src/ambf_control_system/matlab_msg_gen_ros1/glnxa64/install/include/rbdl_server/RBDLModelAlignment.h
-- Up-to-date: /home/nathaniel/catkin_ws/src/ambf_control_system/matlab_msg_gen_ros1/glnxa64/install/include/rbdl_server/RBDLBodyNames.h
-- Up-to-date: /home/nathaniel/catkin_ws/src/ambf_control_system/matlab_msg_gen_ros1/glnxa64/install/include/rbdl_server/RBDLModelAlignmentResponse.h
-- Up-to-date: /home/nathaniel/catkin_ws/src/ambf_control_system/matlab_msg_gen_ros1/glnxa64/install/include/rbdl_server/RBDLInverseDynamics.h
-- Up-to-date: /home/nathaniel/catkin_ws/src/ambf_control_system/matlab_msg_gen_ros1/glnxa64/install/include/rbdl_server/RBDLModelResponse.h
-- Up-to-date: /home/nathaniel/catkin_ws/src/ambf_control_system/matlab_msg_gen_ros1/glnxa64/install/include/rbdl_server/RBDLInverseDynamicsRequest.h
-- Up-to-date: /home/nathaniel/catkin_ws/src/ambf_control_system/matlab_msg_gen_ros1/glnxa64/install/include/rbdl_server/RBDLModelRequest.h
-- Up-to-date: /home/nathaniel/catkin_ws/src/ambf_control_system/matlab_msg_gen_ros1/glnxa64/install/include/rbdl_server/RBDLBodyNamesResponse.h
-- Up-to-date: /home/nathaniel/catkin_ws/src/ambf_control_system/matlab_msg_gen_ros1/glnxa64/install/include/rbdl_server/RBDLForwardDynamicsResponse.h
-- Up-to-date: /home/nathaniel/catkin_ws/src/ambf_control_system/matlab_msg_gen_ros1/glnxa64/install/include/rbdl_server/RBDLInverseKinimaticsRequest.h
-- Up-to-date: /home/nathaniel/catkin_ws/src/ambf_control_system/matlab_msg_gen_ros1/glnxa64/install/include/rbdl_server/RBDLJacobianRequest.h
-- Up-to-date: /home/nathaniel/catkin_ws/src/ambf_control_system/matlab_msg_gen_ros1/glnxa64/install/include/rbdl_server/RBDLModel.h
-- Up-to-date: /home/nathaniel/catkin_ws/src/ambf_control_system/matlab_msg_gen_ros1/glnxa64/install/include/rbdl_server/RBDLJacobianResponse.h
-- Up-to-date: /home/nathaniel/catkin_ws/src/ambf_control_system/matlab_msg_gen_ros1/glnxa64/install/include/rbdl_server/RBDLInverseKinimatics.h
-- Up-to-date: /home/nathaniel/catkin_ws/src/ambf_control_system/matlab_msg_gen_ros1/glnxa64/install/include/rbdl_server/RBDLModelAlignmentRequest.h
-- Up-to-date: /home/nathaniel/catkin_ws/src/ambf_control_system/matlab_msg_gen_ros1/glnxa64/install/include/rbdl_server/RBDLInverseDynamicsResponse.h
-- Up-to-date: /home/nathaniel/catkin_ws/src/ambf_control_system/matlab_msg_gen_ros1/glnxa64/install/include/rbdl_server/RBDLJacobian.h
-- Up-to-date: /home/nathaniel/catkin_ws/src/ambf_control_system/matlab_msg_gen_ros1/glnxa64/install/include/rbdl_server/RBDLKinimatics.h
-- Up-to-date: /home/nathaniel/catkin_ws/src/ambf_control_system/matlab_msg_gen_ros1/glnxa64/install/include/rbdl_server/RBDLKinimaticsRequest.h
-- Up-to-date: /home/nathaniel/catkin_ws/src/ambf_control_system/matlab_msg_gen_ros1/glnxa64/install/include/rbdl_server/RBDLForwardDynamicsRequest.h
Listing /home/nathaniel/catkin_ws/src/ambf_control_system/matlab_msg_gen_ros1/glnxa64/devel/lib/python2.7/dist-packages/rbdl_server ...
Listing /home/nathaniel/catkin_ws/src/ambf_control_system/matlab_msg_gen_ros1/glnxa64/devel/lib/python2.7/dist-packages/rbdl_server/srv ...
-- Up-to-date: /home/nathaniel/catkin_ws/src/ambf_control_system/matlab_msg_gen_ros1/glnxa64/install/lib/python2.7/dist-packages/rbdl_server
-- Up-to-date: /home/nathaniel/catkin_ws/src/ambf_control_system/matlab_msg_gen_ros1/glnxa64/install/lib/python2.7/dist-packages/rbdl_server/srv
-- Up-to-date: /home/nathaniel/catkin_ws/src/ambf_control_system/matlab_msg_gen_ros1/glnxa64/install/lib/python2.7/dist-packages/rbdl_server/srv/_RBDLModel.pyc
-- Up-to-date: /home/nathaniel/catkin_ws/src/ambf_control_system/matlab_msg_gen_ros1/glnxa64/install/lib/python2.7/dist-packages/rbdl_server/srv/_RBDLForwardDynamics.pyc
-- Up-to-date: /home/nathaniel/catkin_ws/src/ambf_control_system/matlab_msg_gen_ros1/glnxa64/install/lib/python2.7/dist-packages/rbdl_server/srv/_RBDLJacobian.py
-- Up-to-date: /home/nathaniel/catkin_ws/src/ambf_control_system/matlab_msg_gen_ros1/glnxa64/install/lib/python2.7/dist-packages/rbdl_server/srv/_RBDLModelAlignment.pyc
-- Up-to-date: /home/nathaniel/catkin_ws/src/ambf_control_system/matlab_msg_gen_ros1/glnxa64/install/lib/python2.7/dist-packages/rbdl_server/srv/_RBDLInverseKinimatics.pyc
-- Up-to-date: /home/nathaniel/catkin_ws/src/ambf_control_system/matlab_msg_gen_ros1/glnxa64/install/lib/python2.7/dist-packages/rbdl_server/srv/_RBDLKinimatics.py
-- Up-to-date: /home/nathaniel/catkin_ws/src/ambf_control_system/matlab_msg_gen_ros1/glnxa64/install/lib/python2.7/dist-packages/rbdl_server/srv/_RBDLForwardDynamics.py
-- Up-to-date: /home/nathaniel/catkin_ws/src/ambf_control_system/matlab_msg_gen_ros1/glnxa64/install/lib/python2.7/dist-packages/rbdl_server/srv/_RBDLJacobian.pyc
-- Up-to-date: /home/nathaniel/catkin_ws/src/ambf_control_system/matlab_msg_gen_ros1/glnxa64/install/lib/python2.7/dist-packages/rbdl_server/srv/_RBDLBodyNames.py
-- Up-to-date: /home/nathaniel/catkin_ws/src/ambf_control_system/matlab_msg_gen_ros1/glnxa64/install/lib/python2.7/dist-packages/rbdl_server/srv/_RBDLInverseDynamics.py
-- Up-to-date: /home/nathaniel/catkin_ws/src/ambf_control_system/matlab_msg_gen_ros1/glnxa64/install/lib/python2.7/dist-packages/rbdl_server/srv/_RBDLInverseKinimatics.py
-- Up-to-date: /home/nathaniel/catkin_ws/src/ambf_control_system/matlab_msg_gen_ros1/glnxa64/install/lib/python2.7/dist-packages/rbdl_server/srv/_RBDLKinimatics.pyc
-- Up-to-date: /home/nathaniel/catkin_ws/src/ambf_control_system/matlab_msg_gen_ros1/glnxa64/install/lib/python2.7/dist-packages/rbdl_server/srv/_RBDLInverseDynamics.pyc
-- Up-to-date: /home/nathaniel/catkin_ws/src/ambf_control_system/matlab_msg_gen_ros1/glnxa64/install/lib/python2.7/dist-packages/rbdl_server/srv/_RBDLBodyNames.pyc
-- Up-to-date: /home/nathaniel/catkin_ws/src/ambf_control_system/matlab_msg_gen_ros1/glnxa64/install/lib/python2.7/dist-packages/rbdl_server/srv/_RBDLModel.py
-- Up-to-date: /home/nathaniel/catkin_ws/src/ambf_control_system/matlab_msg_gen_ros1/glnxa64/install/lib/python2.7/dist-packages/rbdl_server/srv/__init__.pyc
-- Up-to-date: /home/nathaniel/catkin_ws/src/ambf_control_system/matlab_msg_gen_ros1/glnxa64/install/lib/python2.7/dist-packages/rbdl_server/srv/__init__.py
-- Up-to-date: /home/nathaniel/catkin_ws/src/ambf_control_system/matlab_msg_gen_ros1/glnxa64/install/lib/python2.7/dist-packages/rbdl_server/srv/_RBDLModelAlignment.py
-- Up-to-date: /home/nathaniel/catkin_ws/src/ambf_control_system/matlab_msg_gen_ros1/glnxa64/install/lib/python2.7/dist-packages/rbdl_server/__init__.pyc
-- Up-to-date: /home/nathaniel/catkin_ws/src/ambf_control_system/matlab_msg_gen_ros1/glnxa64/install/lib/python2.7/dist-packages/rbdl_server/__init__.py
-- Installing: /home/nathaniel/catkin_ws/src/ambf_control_system/matlab_msg_gen_ros1/glnxa64/install/lib/pkgconfig/rbdl_server.pc
-- Up-to-date: /home/nathaniel/catkin_ws/src/ambf_control_system/matlab_msg_gen_ros1/glnxa64/install/share/rbdl_server/cmake/rbdl_server-msg-extras.cmake
-- Up-to-date: /home/nathaniel/catkin_ws/src/ambf_control_system/matlab_msg_gen_ros1/glnxa64/install/share/rbdl_server/cmake/rbdl_serverConfig.cmake
-- Up-to-date: /home/nathaniel/catkin_ws/src/ambf_control_system/matlab_msg_gen_ros1/glnxa64/install/share/rbdl_server/cmake/rbdl_serverConfig-version.cmake
-- Installing: /home/nathaniel/catkin_ws/src/ambf_control_system/matlab_msg_gen_ros1/glnxa64/install/share/rbdl_server/package.xml
-- Up-to-date: /home/nathaniel/catkin_ws/src/ambf_control_system/matlab_msg_gen_ros1/glnxa64/install/include
-- Up-to-date: /home/nathaniel/catkin_ws/src/ambf_control_system/matlab_msg_gen_ros1/glnxa64/install/include/rbdl_server
-- Up-to-date: /home/nathaniel/catkin_ws/src/ambf_control_system/matlab_msg_gen_ros1/glnxa64/install/include/rbdl_server/visibility_control.h
-- Up-to-date: /home/nathaniel/catkin_ws/src/ambf_control_system/matlab_msg_gen_ros1/glnxa64/install/lib/librbdl_server_matlab.so
-- Up-to-date: /home/nathaniel/catkin_ws/src/ambf_control_system/matlab_msg_gen_ros1/glnxa64/install/m/
-- Up-to-date: /home/nathaniel/catkin_ws/src/ambf_control_system/matlab_msg_gen_ros1/glnxa64/install/m//+ros
-- Up-to-date: /home/nathaniel/catkin_ws/src/ambf_control_system/matlab_msg_gen_ros1/glnxa64/install/m//+ros/+msggen
-- Up-to-date: /home/nathaniel/catkin_ws/src/ambf_control_system/matlab_msg_gen_ros1/glnxa64/install/m//+ros/+msggen/+rbdl_server
-- Up-to-date: /home/nathaniel/catkin_ws/src/ambf_control_system/matlab_msg_gen_ros1/glnxa64/install/m//+ros/+msggen/+rbdl_server/RBDLForwardDynamicsRequest.m
-- Up-to-date: /home/nathaniel/catkin_ws/src/ambf_control_system/matlab_msg_gen_ros1/glnxa64/install/m//+ros/+msggen/+rbdl_server/RBDLModelRequest.m
-- Up-to-date: /home/nathaniel/catkin_ws/src/ambf_control_system/matlab_msg_gen_ros1/glnxa64/install/m//+ros/+msggen/+rbdl_server/RBDLBodyNamesResponse.m
-- Up-to-date: /home/nathaniel/catkin_ws/src/ambf_control_system/matlab_msg_gen_ros1/glnxa64/install/m//+ros/+msggen/+rbdl_server/RBDLInverseDynamicsResponse.m
-- Up-to-date: /home/nathaniel/catkin_ws/src/ambf_control_system/matlab_msg_gen_ros1/glnxa64/install/m//+ros/+msggen/+rbdl_server/RBDLForwardDynamicsResponse.m
-- Up-to-date: /home/nathaniel/catkin_ws/src/ambf_control_system/matlab_msg_gen_ros1/glnxa64/install/m//+ros/+msggen/+rbdl_server/RBDLModelAlignmentResponse.m
-- Up-to-date: /home/nathaniel/catkin_ws/src/ambf_control_system/matlab_msg_gen_ros1/glnxa64/install/m//+ros/+msggen/+rbdl_server/RBDLInverseKinimaticsResponse.m
-- Up-to-date: /home/nathaniel/catkin_ws/src/ambf_control_system/matlab_msg_gen_ros1/glnxa64/install/m//+ros/+msggen/+rbdl_server/RBDLModelResponse.m
-- Up-to-date: /home/nathaniel/catkin_ws/src/ambf_control_system/matlab_msg_gen_ros1/glnxa64/install/m//+ros/+msggen/+rbdl_server/RBDLJacobianRequest.m
-- Up-to-date: /home/nathaniel/catkin_ws/src/ambf_control_system/matlab_msg_gen_ros1/glnxa64/install/m//+ros/+msggen/+rbdl_server/RBDLBodyNamesRequest.m
-- Up-to-date: /home/nathaniel/catkin_ws/src/ambf_control_system/matlab_msg_gen_ros1/glnxa64/install/m//+ros/+msggen/+rbdl_server/RBDLKinimaticsRequest.m
-- Up-to-date: /home/nathaniel/catkin_ws/src/ambf_control_system/matlab_msg_gen_ros1/glnxa64/install/m//+ros/+msggen/+rbdl_server/RBDLKinimaticsResponse.m
-- Up-to-date: /home/nathaniel/catkin_ws/src/ambf_control_system/matlab_msg_gen_ros1/glnxa64/install/m//+ros/+msggen/+rbdl_server/RBDLJacobianResponse.m
-- Up-to-date: /home/nathaniel/catkin_ws/src/ambf_control_system/matlab_msg_gen_ros1/glnxa64/install/m//+ros/+msggen/+rbdl_server/RBDLInverseKinimaticsRequest.m
-- Up-to-date: /home/nathaniel/catkin_ws/src/ambf_control_system/matlab_msg_gen_ros1/glnxa64/install/m//+ros/+msggen/+rbdl_server/RBDLModelAlignmentRequest.m
-- Up-to-date: /home/nathaniel/catkin_ws/src/ambf_control_system/matlab_msg_gen_ros1/glnxa64/install/m//+ros/+msggen/+rbdl_server/RBDLInverseDynamicsRequest.m
-- Up-to-date: /home/nathaniel/catkin_ws/src/ambf_control_system/matlab_msg_gen_ros1/glnxa64/install/m//+ros/+internal
-- Up-to-date: /home/nathaniel/catkin_ws/src/ambf_control_system/matlab_msg_gen_ros1/glnxa64/install/m//+ros/+internal/+ros
-- Up-to-date: /home/nathaniel/catkin_ws/src/ambf_control_system/matlab_msg_gen_ros1/glnxa64/install/m//+ros/+internal/+ros/+custommessages
-- Up-to-date: /home/nathaniel/catkin_ws/src/ambf_control_system/matlab_msg_gen_ros1/glnxa64/install/m//+ros/+internal/+ros/+custommessages/+rbdl_server
-- Up-to-date: /home/nathaniel/catkin_ws/src/ambf_control_system/matlab_msg_gen_ros1/glnxa64/install/m//+ros/+internal/+ros/+custommessages/+rbdl_server/rBDLBodyNamesRequest.m
-- Up-to-date: /home/nathaniel/catkin_ws/src/ambf_control_system/matlab_msg_gen_ros1/glnxa64/install/m//+ros/+internal/+ros/+custommessages/+rbdl_server/rBDLKinimaticsResponse.m
-- Up-to-date: /home/nathaniel/catkin_ws/src/ambf_control_system/matlab_msg_gen_ros1/glnxa64/install/m//+ros/+internal/+ros/+custommessages/+rbdl_server/rBDLModelResponse.m
-- Up-to-date: /home/nathaniel/catkin_ws/src/ambf_control_system/matlab_msg_gen_ros1/glnxa64/install/m//+ros/+internal/+ros/+custommessages/+rbdl_server/rBDLKinimaticsRequest.m
-- Up-to-date: /home/nathaniel/catkin_ws/src/ambf_control_system/matlab_msg_gen_ros1/glnxa64/install/m//+ros/+internal/+ros/+custommessages/+rbdl_server/rBDLInverseKinimaticsRequest.m
-- Up-to-date: /home/nathaniel/catkin_ws/src/ambf_control_system/matlab_msg_gen_ros1/glnxa64/install/m//+ros/+internal/+ros/+custommessages/+rbdl_server/rBDLInverseDynamicsRequest.m
-- Up-to-date: /home/nathaniel/catkin_ws/src/ambf_control_system/matlab_msg_gen_ros1/glnxa64/install/m//+ros/+internal/+ros/+custommessages/+rbdl_server/rBDLJacobianRequest.m
-- Up-to-date: /home/nathaniel/catkin_ws/src/ambf_control_system/matlab_msg_gen_ros1/glnxa64/install/m//+ros/+internal/+ros/+custommessages/+rbdl_server/rBDLInverseDynamicsResponse.m
-- Up-to-date: /home/nathaniel/catkin_ws/src/ambf_control_system/matlab_msg_gen_ros1/glnxa64/install/m//+ros/+internal/+ros/+custommessages/+rbdl_server/rBDLForwardDynamicsResponse.m
-- Up-to-date: /home/nathaniel/catkin_ws/src/ambf_control_system/matlab_msg_gen_ros1/glnxa64/install/m//+ros/+internal/+ros/+custommessages/+rbdl_server/rBDLForwardDynamicsRequest.m
-- Up-to-date: /home/nathaniel/catkin_ws/src/ambf_control_system/matlab_msg_gen_ros1/glnxa64/install/m//+ros/+internal/+ros/+custommessages/+rbdl_server/rBDLModelRequest.m
-- Up-to-date: /home/nathaniel/catkin_ws/src/ambf_control_system/matlab_msg_gen_ros1/glnxa64/install/m//+ros/+internal/+ros/+custommessages/+rbdl_server/rBDLJacobianResponse.m
-- Up-to-date: /home/nathaniel/catkin_ws/src/ambf_control_system/matlab_msg_gen_ros1/glnxa64/install/m//+ros/+internal/+ros/+custommessages/+rbdl_server/rBDLModelAlignmentResponse.m
-- Up-to-date: /home/nathaniel/catkin_ws/src/ambf_control_system/matlab_msg_gen_ros1/glnxa64/install/m//+ros/+internal/+ros/+custommessages/+rbdl_server/rBDLBodyNamesResponse.m
-- Up-to-date: /home/nathaniel/catkin_ws/src/ambf_control_system/matlab_msg_gen_ros1/glnxa64/install/m//+ros/+internal/+ros/+custommessages/+rbdl_server/rBDLInverseKinimaticsResponse.m
-- Up-to-date: /home/nathaniel/catkin_ws/src/ambf_control_system/matlab_msg_gen_ros1/glnxa64/install/m//+ros/+internal/+ros/+custommessages/+rbdl_server/rBDLModelAlignmentRequest.m
Base path: /home/nathaniel/catkin_ws/src/ambf_control_system/matlab_msg_gen_ros1/glnxa64
Source space: /home/nathaniel/catkin_ws/src/ambf_control_system/matlab_msg_gen_ros1/glnxa64/src
Build space: /home/nathaniel/catkin_ws/src/ambf_control_system/matlab_msg_gen_ros1/glnxa64/build
Devel space: /home/nathaniel/catkin_ws/src/ambf_control_system/matlab_msg_gen_ros1/glnxa64/devel
Install space: /home/nathaniel/catkin_ws/src/ambf_control_system/matlab_msg_gen_ros1/glnxa64/install
####
#### Running command: "ninja build.ninja" in "/home/nathaniel/catkin_ws/src/ambf_control_system/matlab_msg_gen_ros1/glnxa64/build"
####
####
#### Running command: "ninja install install -j8 -l8" in "/home/nathaniel/catkin_ws/src/ambf_control_system/matlab_msg_gen_ros1/glnxa64/build"
####
